2019-10-14 07:01:55 INFO  HomePage:35 - goToLoginPage
2019-10-14 07:02:18 INFO  LoginPage:50 - Validate Login Page
2019-10-14 07:02:18 INFO  LoginPage:52 - true
2019-10-15 05:16:51 INFO  HomePage:35 - goToLoginPage
2019-10-15 05:17:36 INFO  HomePage:35 - goToLoginPage
2019-10-15 05:19:34 INFO  HomePage:35 - goToLoginPage
2019-10-15 05:19:56 INFO  HomePage:35 - goToLoginPage
2019-10-15 05:22:53 INFO  HomePage:35 - goToLoginPage
2019-10-15 05:27:39 INFO  HomePage:35 - goToLoginPage
2019-10-15 05:28:03 INFO  HomePage:35 - goToLoginPage
2019-10-15 05:30:30 INFO  HomePage:35 - goToLoginPage
2019-10-15 05:30:53 INFO  HomePage:35 - goToLoginPage
2019-10-15 05:31:54 INFO  HomePage:35 - goToLoginPage
2019-10-15 05:34:23 INFO  HomePage:35 - goToLoginPage
2019-10-15 06:22:01 INFO  HomePage:35 - goToLoginPage
2019-10-15 06:24:05 INFO  HomePage:35 - goToLoginPage
2019-10-15 06:29:00 INFO  HomePage:35 - goToLoginPage
2019-10-15 06:32:04 INFO  HomePage:35 - goToLoginPage
2019-10-15 06:35:06 INFO  HomePage:35 - goToLoginPage
2019-10-15 06:38:47 INFO  HomePage:35 - goToLoginPage
2019-10-15 07:05:51 INFO  HomePage:35 - goToLoginPage
2019-10-15 07:07:34 INFO  HomePage:35 - goToLoginPage
2019-10-15 07:08:20 INFO  HomePage:35 - goToLoginPage
2019-10-15 07:08:46 INFO  HomePage:35 - goToLoginPage
2019-10-15 15:06:42 INFO  HomePage:35 - goToLoginPage
2019-10-15 15:07:40 INFO  HomePage:35 - goToLoginPage
2019-10-15 15:12:09 INFO  LoginPageTest:18 - run Autotest to validate LoginPage
2019-10-15 15:12:09 INFO  HomePage:35 - goToLoginPage
2019-10-15 15:12:32 INFO  LoginPage:50 - Validate Login Page
2019-10-15 15:12:32 INFO  LoginPage:52 - true
2019-10-15 15:12:37 INFO  HomePage:35 - goToLoginPage
2019-10-15 15:13:00 INFO  LoginPage:50 - Validate Login Page
2019-10-15 15:13:01 INFO  LoginPage:52 - true
2019-10-15 15:13:06 INFO  HomePage:35 - goToLoginPage
2019-10-15 15:13:29 INFO  LoginPage:50 - Validate Login Page
2019-10-15 15:13:29 INFO  LoginPage:52 - true
2019-10-15 15:13:51 INFO  HomePage:35 - goToLoginPage
2019-10-15 15:14:14 INFO  LoginPage:50 - Validate Login Page
2019-10-15 15:14:14 INFO  LoginPage:52 - true
2019-10-15 15:14:21 INFO  HomePage:35 - goToLoginPage
2019-10-15 15:14:44 INFO  LoginPage:50 - Validate Login Page
2019-10-15 15:14:44 INFO  LoginPage:52 - true
2019-10-15 15:14:53 INFO  HomePage:35 - goToLoginPage
2019-10-15 15:15:16 INFO  LoginPage:50 - Validate Login Page
2019-10-15 15:15:16 INFO  LoginPage:52 - true
2019-10-15 15:15:26 INFO  HomePage:35 - goToLoginPage
2019-10-15 15:15:49 INFO  LoginPage:50 - Validate Login Page
2019-10-15 15:15:49 INFO  LoginPage:52 - true
2019-10-15 15:15:59 INFO  HomePage:35 - goToLoginPage
2019-10-15 15:16:21 INFO  LoginPage:50 - Validate Login Page
2019-10-15 15:16:22 INFO  LoginPage:52 - true
2019-10-15 15:16:32 INFO  HomePage:35 - goToLoginPage
2019-10-15 15:16:54 INFO  LoginPage:50 - Validate Login Page
2019-10-15 15:16:54 INFO  LoginPage:52 - true
2019-10-15 15:17:04 INFO  HomePage:35 - goToLoginPage
2019-10-15 15:17:27 INFO  LoginPage:50 - Validate Login Page
2019-10-15 15:17:27 INFO  LoginPage:52 - true
2019-10-15 15:17:37 INFO  HomePage:35 - goToLoginPage
2019-10-15 15:32:18 INFO  LoginPageTest:18 - run Autotest to validate LoginPage
2019-10-15 15:32:18 INFO  HomePage:35 - goToLoginPage
2019-10-15 15:32:40 INFO  LoginPage:50 - Validate Login Page
2019-10-15 15:32:40 INFO  LoginPage:52 - true
2019-10-15 15:32:45 INFO  HomePage:35 - goToLoginPage
2019-10-15 15:33:08 INFO  LoginPage:50 - Validate Login Page
2019-10-15 15:33:08 INFO  LoginPage:52 - true
2019-10-15 15:33:13 INFO  HomePage:35 - goToLoginPage
2019-10-15 15:33:36 INFO  LoginPage:50 - Validate Login Page
2019-10-15 15:33:36 INFO  LoginPage:52 - true
2019-10-15 15:33:58 INFO  HomePage:35 - goToLoginPage
2019-10-15 15:34:20 INFO  LoginPage:50 - Validate Login Page
2019-10-15 15:34:20 INFO  LoginPage:52 - true
2019-10-15 15:34:27 INFO  HomePage:35 - goToLoginPage
2019-10-15 15:34:49 INFO  LoginPage:50 - Validate Login Page
2019-10-15 15:34:49 INFO  LoginPage:52 - true
2019-10-15 15:34:58 INFO  HomePage:35 - goToLoginPage
2019-10-15 15:35:21 INFO  LoginPage:50 - Validate Login Page
2019-10-15 15:35:21 INFO  LoginPage:52 - true
2019-10-15 15:35:31 INFO  HomePage:35 - goToLoginPage
2019-10-15 15:35:53 INFO  LoginPage:50 - Validate Login Page
2019-10-15 15:35:53 INFO  LoginPage:52 - true
2019-10-15 15:36:03 INFO  HomePage:35 - goToLoginPage
2019-10-15 15:36:26 INFO  LoginPage:50 - Validate Login Page
2019-10-15 15:36:26 INFO  LoginPage:52 - true
2019-10-15 15:36:35 INFO  HomePage:35 - goToLoginPage
2019-10-15 15:36:59 INFO  LoginPage:50 - Validate Login Page
2019-10-15 15:37:00 INFO  LoginPage:52 - true
2019-10-15 15:37:10 INFO  HomePage:35 - goToLoginPage
2019-10-15 15:37:32 INFO  LoginPage:50 - Validate Login Page
2019-10-15 15:37:32 INFO  LoginPage:52 - true
2019-10-15 15:37:41 INFO  HomePage:35 - goToLoginPage
2019-10-15 15:40:16 INFO  HomePage:35 - goToLoginPage
2019-10-15 15:40:39 INFO  LoginPage:50 - Validate Login Page
2019-10-15 15:40:39 INFO  LoginPage:52 - true
2019-10-15 15:45:02 INFO  HomePage:35 - goToLoginPage
2019-12-06 04:18:01 INFO  LoginPageTest:18 - run Autotest to validate LoginPage
2019-12-06 04:18:01 INFO  HomePage:35 - goToLoginPage
2019-12-06 04:18:53 INFO  LoginPage:50 - Validate Login Page
2019-12-06 04:18:53 INFO  LoginPage:52 - true
2019-12-14 22:37:47 INFO  LoginPageTest:18 - run Autotest to validate LoginPage
2019-12-14 22:37:47 INFO  HomePage:35 - goToLoginPage
2019-12-14 22:38:08 INFO  LoginPage:50 - Validate Login Page
2019-12-14 22:38:08 INFO  LoginPage:52 - true
2019-12-14 22:47:26 INFO  HomePage:35 - goToLoginPage
2019-12-14 22:47:48 INFO  LoginPage:50 - Validate Login Page
2019-12-14 22:47:48 INFO  LoginPage:52 - true
2019-12-14 22:48:18 INFO  HomePage:35 - goToLoginPage
2019-12-14 22:48:39 INFO  LoginPage:50 - Validate Login Page
2019-12-14 22:48:39 INFO  LoginPage:52 - true
2019-12-14 22:53:45 INFO  HomePage:35 - goToLoginPage
2019-12-14 22:54:38 INFO  LoginPageTest:18 - run Autotest to validate LoginPage
2019-12-14 22:54:38 INFO  HomePage:35 - goToLoginPage
2019-12-14 22:54:59 INFO  LoginPage:50 - Validate Login Page
2019-12-14 22:54:59 INFO  LoginPage:52 - true
2019-12-14 22:57:17 INFO  HomePage:35 - goToLoginPage
2019-12-14 23:02:37 INFO  HomePage:35 - goToLoginPage
2019-12-14 23:04:14 INFO  HomePage:35 - goToLoginPage
2019-12-14 23:10:33 INFO  HomePage:35 - goToLoginPage
2019-12-14 23:12:19 INFO  HomePage:35 - goToLoginPage
2019-12-14 23:16:58 INFO  HomePage:35 - goToLoginPage
2019-12-14 23:44:01 INFO  LoginPageTest:18 - run Autotest to validate LoginPage
2019-12-14 23:44:01 INFO  HomePage:38 - goToLoginPage
2019-12-14 23:44:22 INFO  LoginPage:50 - Validate Login Page
2019-12-14 23:44:22 INFO  LoginPage:52 - true
2019-12-14 23:46:31 INFO  HomePage:38 - goToLoginPage
2019-12-14 23:53:46 INFO  HomePage:38 - goToLoginPage
2019-12-14 23:54:09 INFO  LoginPage:92 - Validate Home Page
2019-12-14 23:57:56 INFO  HomePage:41 - goToLoginPage
2019-12-15 00:00:00 INFO  HomePage:41 - goToLoginPage
2019-12-15 00:00:23 INFO  LoginPage:92 - Validate Home Page
2019-12-15 14:44:01 INFO  HomePage:41 - goToLoginPage
2019-12-15 14:44:23 INFO  LoginPage:92 - Validate Home Page
2019-12-15 14:47:46 INFO  HomePage:54 - Validate Home Page
2019-12-15 14:49:26 INFO  HomePage:41 - goToLoginPage
2019-12-15 14:49:50 INFO  LoginPage:92 - Validate Home Page
2019-12-15 14:52:44 INFO  HomePage:41 - goToLoginPage
2019-12-15 14:53:07 INFO  LoginPage:92 - Validate Home Page
2019-12-15 14:55:16 INFO  HomePage:41 - goToLoginPage
2019-12-15 14:55:39 INFO  LoginPage:92 - Validate Home Page
2019-12-15 14:57:19 INFO  HomePage:41 - goToLoginPage
2019-12-15 14:57:43 INFO  LoginPage:92 - Validate Home Page
2019-12-15 14:59:18 INFO  HomePage:41 - goToLoginPage
2019-12-15 14:59:44 INFO  LoginPage:92 - Validate Home Page
2019-12-15 15:13:56 INFO  HomePage:41 - goToLoginPage
2019-12-15 15:14:19 INFO  LoginPage:103 - Validate Home Page
2019-12-15 15:15:23 INFO  HomePage:41 - goToLoginPage
2019-12-15 15:15:46 INFO  LoginPage:103 - Validate Home Page
2019-12-16 07:02:05 INFO  HomePage:41 - goToLoginPage
2019-12-16 07:05:56 INFO  LoginPage:103 - Validate Home Page
2019-12-16 07:09:29 INFO  HomePage:41 - goToLoginPage
2019-12-16 07:13:39 INFO  LoginPage:103 - Validate Home Page
2019-12-16 07:13:55 INFO  HomePage:41 - goToLoginPage
2019-12-16 07:15:27 INFO  LoginPage:104 - Validate Home Page
2019-12-16 07:18:23 INFO  HomePage:41 - goToLoginPage
2019-12-16 07:18:56 INFO  LoginPage:104 - Validate Home Page
2019-12-16 07:22:16 INFO  HomePage:41 - goToLoginPage
2019-12-16 07:22:39 INFO  LoginPage:104 - Validate Home Page
2019-12-16 07:25:31 INFO  HomePage:41 - goToLoginPage
2019-12-16 07:26:01 INFO  LoginPage:104 - Validate Home Page
2019-12-16 07:36:05 INFO  HomePage:49 - goToLoginPage
2019-12-16 07:36:29 INFO  LoginPage:104 - Validate Home Page
2019-12-25 19:29:06 INFO  HomePage:50 - goToLoginPage
2019-12-25 19:29:57 INFO  LoginPage:53 - Validate Login Page
2019-12-25 19:29:57 INFO  LoginPage:55 - true
2019-12-25 20:10:09 INFO  LoginPageTest:23 - run Autotest to validate LoginPage
2019-12-25 20:10:09 INFO  HomePage:50 - goToLoginPage
2019-12-25 20:10:53 INFO  LoginPage:54 - Validate Login Page
2019-12-25 20:10:53 INFO  LoginPage:56 - true
2019-12-25 20:15:14 INFO  LoginPageTest:23 - run Autotest to validate LoginPage
2019-12-25 20:15:14 INFO  HomePage:50 - goToLoginPage
2019-12-25 20:15:37 INFO  LoginPage:54 - Validate Login Page
2019-12-25 20:15:37 INFO  LoginPage:56 - Login
2019-12-25 20:21:33 INFO  LoginPageTest:23 - run Autotest to validate LoginPage
2019-12-25 20:21:33 INFO  HomePage:50 - goToLoginPage
2019-12-25 20:21:55 INFO  LoginPage:54 - Validate Login Page
2019-12-25 20:21:55 INFO  LoginPage:56 - Login is true
2019-12-25 20:28:32 INFO  LoginPageTest:23 - run Autotest to validate LoginPage
2019-12-25 20:28:32 INFO  HomePage:50 - goToLoginPage
2019-12-25 20:28:54 INFO  LoginPage:54 - Validate Login Page
2019-12-25 20:28:54 INFO  LoginPage:57 - Login is true
2019-12-25 20:28:54 INFO  LoginPage:59 - Forgot Password is true
2019-12-25 20:30:04 INFO  LoginPageTest:23 - run Autotest to validate LoginPage
2019-12-25 20:30:04 INFO  HomePage:50 - goToLoginPage
2019-12-25 20:30:26 INFO  LoginPage:54 - Validate Login Page
2019-12-25 20:30:26 INFO  LoginPage:57 - Login text is true
2019-12-25 20:30:27 INFO  LoginPage:59 - Forgot Password text is true
2019-12-25 20:48:48 INFO  HomePage:50 - goToLoginPage
2019-12-25 20:59:39 INFO  LoginPageTest:44 - Run Autotest to check if all elements are present on the page
2019-12-25 20:59:39 INFO  HomePage:50 - goToLoginPage
2019-12-25 21:00:01 INFO  LoginPage:143 - By.xpath: /html/body/ion-app/ng-component/ion-nav/page-login/ion-headeris present on page
2019-12-25 21:00:01 INFO  LoginPage:143 - By.xpath: /html/body/ion-app/ng-component/ion-nav/page-login/ion-content/div[2]/div/ion-row[1]/ion-col/imgis present on page
2019-12-25 21:00:01 INFO  LoginPage:143 - By.xpath: /html/body/ion-app/ng-component/ion-nav/page-login/ion-content/div[2]/div/ion-item[1]/div[1]/div/ion-input/inputis present on page
2019-12-25 21:00:01 INFO  LoginPage:143 - By.xpath: /html/body/ion-app/ng-component/ion-nav/page-login/ion-content/div[2]/div/ion-item[2]/div[1]/div/ion-input/inputis present on page
2019-12-25 21:00:01 INFO  LoginPage:143 - By.xpath: /html/body/ion-app/ng-component/ion-nav/page-login/ion-content/div[2]/div/ion-item[2]/div[1]/button/span/ion-iconis present on page
2019-12-25 21:00:02 INFO  LoginPage:143 - By.linkText: Forgot Passwordis present on page
2019-12-25 21:00:02 INFO  LoginPage:143 - By.xpath: //*[@id='login']is present on page
2019-12-25 21:01:13 INFO  LoginPageTest:44 - Run Autotest to check if all elements are present on the page
2019-12-25 21:01:13 INFO  HomePage:50 - goToLoginPage
2019-12-25 21:01:34 INFO  LoginPage:143 - [[ChromeDriver: chrome on WINDOWS (15d8c76ebee96346716154519ae688a1)] -> xpath: /html/body/ion-app/ng-component/ion-nav/page-login/ion-header]is present on page
2019-12-25 21:01:34 INFO  LoginPage:143 - [[ChromeDriver: chrome on WINDOWS (15d8c76ebee96346716154519ae688a1)] -> xpath: /html/body/ion-app/ng-component/ion-nav/page-login/ion-content/div[2]/div/ion-row[1]/ion-col/img]is present on page
2019-12-25 21:01:34 INFO  LoginPage:143 - [[ChromeDriver: chrome on WINDOWS (15d8c76ebee96346716154519ae688a1)] -> xpath: /html/body/ion-app/ng-component/ion-nav/page-login/ion-content/div[2]/div/ion-item[1]/div[1]/div/ion-input/input]is present on page
2019-12-25 21:01:34 INFO  LoginPage:143 - [[ChromeDriver: chrome on WINDOWS (15d8c76ebee96346716154519ae688a1)] -> xpath: /html/body/ion-app/ng-component/ion-nav/page-login/ion-content/div[2]/div/ion-item[2]/div[1]/div/ion-input/input]is present on page
2019-12-25 21:01:34 INFO  LoginPage:143 - [[ChromeDriver: chrome on WINDOWS (15d8c76ebee96346716154519ae688a1)] -> xpath: /html/body/ion-app/ng-component/ion-nav/page-login/ion-content/div[2]/div/ion-item[2]/div[1]/button/span/ion-icon]is present on page
2019-12-25 21:01:34 INFO  LoginPage:143 - [[ChromeDriver: chrome on WINDOWS (15d8c76ebee96346716154519ae688a1)] -> link text: Forgot Password]is present on page
2019-12-25 21:01:34 INFO  LoginPage:143 - [[ChromeDriver: chrome on WINDOWS (15d8c76ebee96346716154519ae688a1)] -> xpath: //*[@id='login']]is present on page
2019-12-25 21:06:38 INFO  LoginPageTest:44 - Run Autotest to check if all elements are present on the page
2019-12-25 21:06:38 INFO  HomePage:50 - goToLoginPage
2019-12-25 21:07:00 INFO  LoginPage:64 - checkForElementsDisplayed_LoginPage
2019-12-25 21:07:00 INFO  LoginPage:143 - By.xpath: /html/body/ion-app/ng-component/ion-nav/page-login/ion-header - is present on page
2019-12-25 21:07:00 INFO  LoginPage:143 - By.xpath: /html/body/ion-app/ng-component/ion-nav/page-login/ion-content/div[2]/div/ion-row[1]/ion-col/img - is present on page
2019-12-25 21:07:00 INFO  LoginPage:143 - By.xpath: /html/body/ion-app/ng-component/ion-nav/page-login/ion-content/div[2]/div/ion-item[1]/div[1]/div/ion-input/input - is present on page
2019-12-25 21:07:00 INFO  LoginPage:143 - By.xpath: /html/body/ion-app/ng-component/ion-nav/page-login/ion-content/div[2]/div/ion-item[2]/div[1]/div/ion-input/input - is present on page
2019-12-25 21:07:00 INFO  LoginPage:143 - By.xpath: /html/body/ion-app/ng-component/ion-nav/page-login/ion-content/div[2]/div/ion-item[2]/div[1]/button/span/ion-icon - is present on page
2019-12-25 21:07:00 INFO  LoginPage:143 - By.linkText: Forgot Password - is present on page
2019-12-25 21:07:00 INFO  LoginPage:143 - By.xpath: //*[@id='login'] - is present on page
2019-12-25 21:31:59 INFO  LoginPageTest:44 - Run Autotest to check if all elements are present on the page
2019-12-25 21:32:00 INFO  HomePage:50 - goToLoginPage
2019-12-25 21:32:22 INFO  LoginPage:64 - checkForElementsDisplayed_LoginPage
2019-12-25 21:32:22 INFO  LoginPage:143 - By.xpath: /html/body/ion-app/ng-component/ion-nav/page-login/ion-header - is present on page
2019-12-25 21:32:22 INFO  LoginPage:143 - By.xpath: /html/body/ion-app/ng-component/ion-nav/page-login/ion-content/div[2]/div/ion-row[1]/ion-col/img - is present on page
2019-12-25 21:32:22 INFO  LoginPage:143 - By.xpath: /html/body/ion-app/ng-component/ion-nav/page-login/ion-content/div[2]/div/ion-item[1]/div[1]/div/ion-input/input - is present on page
2019-12-25 21:32:22 INFO  LoginPage:143 - By.xpath: /html/body/ion-app/ng-component/ion-nav/page-login/ion-content/div[2]/div/ion-item[2]/div[1]/div/ion-input/input - is present on page
2019-12-25 21:32:22 INFO  LoginPage:143 - By.xpath: /html/body/ion-app/ng-component/ion-nav/page-login/ion-content/div[2]/div/ion-item[2]/div[1]/button/span/ion-icon - is present on page
2019-12-25 21:32:22 INFO  LoginPage:143 - By.linkText: Forgot Password - is present on page
2019-12-25 21:32:22 INFO  LoginPage:143 - By.xpath: //*[@id='login'] - is present on page
2019-12-25 21:34:22 INFO  LoginPageTest:59 - Run Autotest to verify Reverse button provided by the app on Login Page
2019-12-25 21:34:22 INFO  HomePage:50 - goToLoginPage
2019-12-25 21:34:46 INFO  LoginPage:79 - clickOnBackToHomePage
2019-12-25 21:34:48 INFO  LoginPage:109 - Validate Home Page
2019-12-25 21:34:52 INFO  LoginPage:113 - Sign Up text is false
2019-12-25 21:34:52 INFO  LoginPage:114 - Login text is false
2019-12-25 21:38:32 INFO  LoginPageTest:59 - Run Autotest to verify Reverse button provided by the app on Login Page
2019-12-25 21:38:32 INFO  HomePage:50 - goToLoginPage
2019-12-25 21:38:55 INFO  LoginPage:79 - clickOnBackToHomePage
2019-12-25 21:38:56 INFO  LoginPage:109 - Validate Home Page
2019-12-25 21:39:00 INFO  LoginPage:113 - Sign Up text is true
2019-12-25 21:39:00 INFO  LoginPage:114 - Login text is true
2019-12-25 21:42:38 INFO  HomePage:50 - goToLoginPage
2019-12-25 21:43:02 INFO  LoginPage:54 - Validate Login Page
2019-12-25 21:43:02 INFO  LoginPage:57 - Login text is true
2019-12-25 21:43:02 INFO  LoginPage:59 - Forgot Password text is true
2019-12-27 09:56:38 INFO  HomePage:50 - goToLoginPage
2019-12-27 09:56:38 INFO  HomePage:50 - goToLoginPage
2019-12-27 09:57:29 INFO  LoginPage:54 - Validate Login Page
2019-12-27 09:57:29 INFO  LoginPage:57 - Login text is true
2019-12-27 09:57:29 INFO  LoginPage:59 - Forgot Password text is true
2019-12-27 09:57:30 INFO  LoginPage:54 - Validate Login Page
2019-12-27 09:57:30 INFO  LoginPage:57 - Login text is true
2019-12-27 09:57:30 INFO  LoginPage:59 - Forgot Password text is true
2019-12-27 10:07:31 INFO  LoginPageTest:73 - Run Autotest to verify Forgot Password link
2019-12-27 10:07:31 INFO  HomePage:50 - goToLoginPage
2019-12-27 10:40:49 INFO  LoginPageTest:73 - Run Autotest to verify Forgot Password link
2019-12-27 10:40:49 INFO  HomePage:50 - goToLoginPage
2019-12-27 10:41:11 INFO  LoginPage:86 - clickOnForgotPassowrd
2019-12-27 10:41:13 INFO  LoginPage:144 - Forgot Password text is true
2019-12-27 10:54:19 INFO  HomePage:50 - goToLoginPage
2019-12-27 10:54:41 INFO  LoginPage:54 - Validate Login Page
2019-12-27 10:54:41 INFO  LoginPage:57 - Login text is true
2019-12-27 10:54:42 INFO  LoginPage:59 - Forgot Password text is true
2019-12-27 11:00:41 INFO  HomePage:50 - goToLoginPage
2019-12-27 13:07:36 INFO  HomePage:50 - goToLoginPage
2019-12-27 13:28:29 INFO  LoginPageTest:90 - Login Autotest: positive. Successful login 
2019-12-27 13:28:29 INFO  HomePage:50 - goToLoginPage
2019-12-27 13:28:51 INFO  LoginPage:120 - Log In
2019-12-27 13:28:58 INFO  LoginPage:63 - Dmitro Zagrebenyev text is false
2019-12-27 13:30:47 INFO  LoginPageTest:90 - Login Autotest: positive. Successful login 
2019-12-27 13:30:47 INFO  HomePage:50 - goToLoginPage
2019-12-27 13:31:08 INFO  LoginPage:120 - Log In
2019-12-27 13:31:15 INFO  LoginPage:63 - Dmitro Zagrebenyev text is true
2019-12-27 13:53:59 INFO  LoginPageTest:108 - Login Autotest: negative. Both Login and Password are blank
2019-12-27 13:53:59 INFO  HomePage:50 - goToLoginPage
2019-12-27 13:54:21 INFO  LoginPage:120 - Log In
2019-12-27 14:11:43 INFO  LoginPageTest:108 - Login Autotest: negative. Both Login and Password are blank
2019-12-27 14:11:43 INFO  HomePage:50 - goToLoginPage
2019-12-27 14:12:04 INFO  LoginPage:120 - Log In
2019-12-27 14:24:25 INFO  LoginPageTest:108 - Login Autotest: negative. Both Login and Password are blank
2019-12-27 14:24:25 INFO  HomePage:50 - goToLoginPage
2019-12-27 14:24:47 INFO  LoginPage:120 - Log In
2019-12-27 14:24:52 INFO  LoginPage:139 - Invalid login. Please try again. text is false
2019-12-27 14:25:40 INFO  LoginPageTest:108 - Login Autotest: negative. Both Login and Password are blank
2019-12-27 14:25:40 INFO  HomePage:50 - goToLoginPage
2019-12-27 14:26:01 INFO  LoginPage:120 - Log In
2019-12-27 14:26:51 INFO  LoginPageTest:108 - Login Autotest: negative. Both Login and Password are blank
2019-12-27 14:26:51 INFO  HomePage:50 - goToLoginPage
2019-12-27 14:27:11 INFO  LoginPage:120 - Log In
2019-12-27 14:27:16 INFO  LoginPage:139 - Invalid login. Please try again. text is true
2019-12-29 12:04:38 INFO  LoginPageTest:123 - Login Autotest: negative. Incorrect login, blank password
2019-12-29 12:04:38 INFO  HomePage:50 - goToLoginPage
2019-12-29 12:05:25 INFO  LoginPage:120 - Log In
2019-12-29 12:05:30 INFO  LoginPage:139 - Invalid login. Please try again. text is true
2019-12-29 12:07:32 INFO  LoginPageTest:123 - Login Autotest: negative. Incorrect login, blank password
2019-12-29 12:07:32 INFO  HomePage:50 - goToLoginPage
2019-12-29 12:07:56 INFO  LoginPage:120 - Log In
2019-12-29 12:08:00 INFO  LoginPage:139 - Invalid login. Please try again. text is true
2019-12-29 12:30:34 INFO  LoginPageTest:123 - Login Autotest: negative. Incorrect login, blank password
2019-12-29 12:30:35 INFO  HomePage:50 - goToLoginPage
2019-12-29 12:30:56 INFO  LoginPage:120 - Log In
2019-12-29 12:31:01 INFO  LoginPage:139 - Invalid login. Please try again.## TEXT is true
2019-12-29 12:36:48 INFO  LoginPageTest:137 - Login Autotest: negative. Blank login, incorrect password
2019-12-29 12:36:48 INFO  HomePage:50 - goToLoginPage
2019-12-29 12:37:09 INFO  LoginPage:120 - Log In
2019-12-29 12:37:13 INFO  LoginPage:139 - Invalid login. Please try again.## MESSAGE TEXT is true
2019-12-29 12:42:48 INFO  LoginPageTest:151 - Login Autotest: negative. Correct login, Incorrect password
2019-12-29 12:42:48 INFO  HomePage:50 - goToLoginPage
2019-12-29 12:43:09 INFO  LoginPage:120 - Log In
2019-12-29 12:43:57 INFO  LoginPageTest:151 - Login Autotest: negative. Correct login, Incorrect password
2019-12-29 12:43:57 INFO  HomePage:50 - goToLoginPage
2019-12-29 12:44:19 INFO  LoginPage:120 - Log In
2019-12-29 12:45:08 INFO  LoginPageTest:151 - Login Autotest: negative. Correct login, Incorrect password
2019-12-29 12:45:08 INFO  HomePage:50 - goToLoginPage
2019-12-29 12:45:29 INFO  LoginPage:120 - Log In
2019-12-29 12:47:24 INFO  LoginPageTest:151 - Login Autotest: negative. Correct login, Incorrect password
2019-12-29 12:47:24 INFO  HomePage:50 - goToLoginPage
2019-12-29 12:47:46 INFO  LoginPage:120 - Log In
2019-12-29 12:47:50 INFO  LoginPage:139 - ## MESSAGE TEXT is true
2019-12-29 12:48:23 INFO  LoginPageTest:123 - Login Autotest: negative. Incorrect login, blank password
2019-12-29 12:48:23 INFO  HomePage:50 - goToLoginPage
2019-12-29 12:48:45 INFO  LoginPage:120 - Log In
2019-12-29 12:48:49 INFO  LoginPage:139 - ## MESSAGE TEXT is false
2019-12-29 12:51:15 INFO  LoginPageTest:123 - Login Autotest: negative. Incorrect login, blank password
2019-12-29 12:51:15 INFO  HomePage:50 - goToLoginPage
2019-12-29 12:51:37 INFO  LoginPage:120 - Log In
2019-12-29 12:51:41 INFO  LoginPage:139 - Invalid login. Please try again.## MESSAGE TEXT is true
2019-12-29 12:52:12 INFO  LoginPageTest:137 - Login Autotest: negative. Blank login, incorrect password
2019-12-29 12:52:12 INFO  HomePage:50 - goToLoginPage
2019-12-29 12:52:32 INFO  LoginPage:120 - Log In
2019-12-29 12:52:37 INFO  LoginPage:139 - Invalid login. Please try again.## MESSAGE TEXT is true
2019-12-29 12:52:59 INFO  LoginPageTest:151 - Login Autotest: negative. Correct login, Incorrect password
2019-12-29 12:52:59 INFO  HomePage:50 - goToLoginPage
2019-12-29 12:53:20 INFO  LoginPage:120 - Log In
2019-12-29 12:54:03 INFO  LoginPageTest:151 - Login Autotest: negative. Correct login, Incorrect password
2019-12-29 12:54:03 INFO  HomePage:50 - goToLoginPage
2019-12-29 12:54:24 INFO  LoginPage:120 - Log In
2019-12-29 12:54:30 INFO  LoginPage:139 - Invalid login. Please try again.## MESSAGE TEXT is true
2019-12-29 12:57:14 INFO  LoginPageTest:165 - Login Autotest: negative. Incorrect login, Correct password
2019-12-29 12:57:14 INFO  HomePage:50 - goToLoginPage
2019-12-29 12:57:35 INFO  LoginPage:120 - Log In
2019-12-29 12:57:41 INFO  LoginPage:139 - Invalid login. Please try again.## MESSAGE TEXT is true
2019-12-29 13:01:43 INFO  LoginPageTest:179 - Login Autotest: negative. Incorrect login, Correct password
2019-12-29 13:01:43 INFO  HomePage:50 - goToLoginPage
2019-12-29 13:05:21 INFO  LoginPageTest:179 - Login Autotest: negative. Incorrect login, Correct password
2019-12-29 13:05:21 INFO  HomePage:50 - goToLoginPage
2019-12-29 13:06:36 INFO  LoginPageTest:179 - Login Autotest: negative. Incorrect login, Correct password
2019-12-29 13:06:36 INFO  HomePage:50 - goToLoginPage
2019-12-29 13:10:02 INFO  LoginPageTest:179 - Login Autotest: negative. Incorrect login, Correct password
2019-12-29 13:10:02 INFO  HomePage:50 - goToLoginPage
2019-12-29 13:11:56 INFO  LoginPageTest:179 - Login Autotest: negative. Incorrect login, Correct password
2019-12-29 13:11:56 INFO  HomePage:50 - goToLoginPage
2019-12-29 13:12:55 INFO  LoginPageTest:179 - Login Autotest: negative. Incorrect login, Correct password
2019-12-29 13:12:55 INFO  HomePage:50 - goToLoginPage
2019-12-29 13:26:16 INFO  HomePage:50 - goToLoginPage
2019-12-29 13:30:14 INFO  LoginPageTest:165 - Login Autotest: negative. Incorrect login, Correct password
2019-12-29 13:30:15 INFO  HomePage:50 - goToLoginPage
2019-12-29 13:30:37 INFO  LoginPage:120 - Log In
2019-12-29 13:30:43 INFO  LoginPage:139 - Invalid login. Please try again.## MESSAGE TEXT is true
2019-12-29 13:38:57 INFO  LoginPage:63 - Dmitro Zagrebenyev## TEXT is true
2019-12-29 13:39:48 INFO  LoginPage:143 - By.xpath: /html/body/ion-app/ng-component/ion-nav/page-wall/ion-tabs/ion-tab[1]/page-home/ion-header/span/ion-grid/ion-row/ion-col[1]/div/img - is present on page
2019-12-29 13:39:48 INFO  LoginPage:143 - By.xpath: /html/body/ion-app/ng-component/ion-nav/page-wall/ion-tabs/ion-tab[1]/page-home/ion-header/span/ion-grid/ion-row/ion-col[2]/div/ion-searchbar/div/input - is present on page
2019-12-29 13:39:49 INFO  LoginPage:143 - By.xpath: /html/body/ion-app/ng-component/ion-nav/page-wall/ion-tabs/ion-tab[1]/page-home/ion-header/span/ion-grid/ion-row/ion-col[3]/div/div[1] - is present on page
2019-12-29 13:39:49 INFO  LoginPage:143 - By.xpath: /html/body/ion-app/ng-component/ion-nav/page-wall/ion-tabs/ion-tab[1]/page-home/ion-header/span/ion-grid/ion-row/ion-col[3]/div/div[2]/ion-icon - is present on page
2019-12-29 13:39:49 INFO  LoginPage:143 - By.xpath: /html/body/ion-app/ng-component/ion-nav/page-wall/ion-tabs/ion-tab[1]/page-home/ion-header/span/ion-grid/ion-row/ion-col[3]/div/div[3] - is present on page
2019-12-29 13:39:49 INFO  LoginPage:143 - By.xpath: /html/body/ion-app/ng-component/ion-nav/page-wall/ion-tabs/ion-tab[1]/page-home/ion-header/span/ion-grid/ion-row/ion-col[3]/div/div[4] - is present on page
2019-12-29 13:39:49 INFO  LoginPage:143 - By.xpath: /html/body/ion-app/ng-component/ion-nav/page-wall/ion-tabs/ion-tab[1]/page-home/ion-header/span/ion-grid/ion-row/ion-col[3]/div/div[4] - is present on page
2019-12-29 13:39:49 INFO  LoginPage:143 - By.xpath: /html/body/ion-app/ng-component/ion-nav/page-wall/ion-tabs/ion-tab[1]/page-home/ion-header/span/ion-grid/ion-row/ion-col[3]/div/div[6]/ion-icon - is present on page
2019-12-29 13:39:49 INFO  LoginPage:143 - By.xpath: /html/body/ion-app/ng-component/ion-nav/page-wall/ion-tabs/ion-tab[1]/page-home/ion-header/span/ion-grid/ion-row/ion-col[3]/div/div[7]/img - is present on page
2019-12-29 13:39:49 INFO  LoginPage:143 - By.xpath: /html/body/ion-app/ng-component/ion-nav/page-wall/ion-tabs/ion-tab[1]/page-home/ion-content/div[2]/div/ion-grid/ion-row/ion-col[2]/ion-grid/div/ion-row/ion-col/button/span - is present on page
2019-12-29 13:39:49 INFO  LoginPage:143 - By.xpath: /html/body/ion-app/ng-component/ion-nav/page-wall/ion-tabs/ion-tab[1]/page-home/ion-content/div[2]/div/ion-grid/ion-row/ion-col[1]/ion-card/div/div[1]/img - is present on page
2019-12-29 13:50:10 INFO  LoginPageTest:19 - Run Autotest to validate Account Home Page
2019-12-29 13:50:10 INFO  HomePage:70 - goToAccountPage
2019-12-29 13:50:38 INFO  LoginPage:63 - Dmitro Zagrebenyev## TEXT is true
2019-12-29 13:55:51 INFO  LoginPageTest:19 - Run Autotest to validate Account Home Page
2019-12-29 13:55:51 INFO  HomePage:70 - goToAccountPage
2019-12-29 13:56:15 INFO  LoginPage:61 - validateAccountPage
2019-12-29 13:56:18 INFO  LoginPage:64 - Dmitro Zagrebenyev## TEXT is true
2019-12-29 14:22:38 INFO  LoginPageTest:43 - Run Autotest to validate Account Home Page
2019-12-29 14:22:38 INFO  HomePage:70 - goToAccountPage
2019-12-29 14:23:03 INFO  LoginPage:69 - checkElementsDisplayed
2019-12-29 14:23:07 INFO  LoginPage:143 - By.xpath: /html/body/ion-app/ng-component/ion-nav/page-wall/ion-tabs/ion-tab[1]/page-home/ion-header/span/ion-grid/ion-row/ion-col[1]/div/img - is present on page
2019-12-29 14:23:07 INFO  LoginPage:143 - By.xpath: /html/body/ion-app/ng-component/ion-nav/page-wall/ion-tabs/ion-tab[1]/page-home/ion-header/span/ion-grid/ion-row/ion-col[2]/div/ion-searchbar/div/input - is present on page
2019-12-29 14:23:07 INFO  LoginPage:143 - By.xpath: /html/body/ion-app/ng-component/ion-nav/page-wall/ion-tabs/ion-tab[1]/page-home/ion-header/span/ion-grid/ion-row/ion-col[3]/div/div[1] - is present on page
2019-12-29 14:23:07 INFO  LoginPage:143 - By.xpath: /html/body/ion-app/ng-component/ion-nav/page-wall/ion-tabs/ion-tab[1]/page-home/ion-header/span/ion-grid/ion-row/ion-col[3]/div/div[2]/ion-icon - is present on page
2019-12-29 14:23:08 INFO  LoginPage:143 - By.xpath: /html/body/ion-app/ng-component/ion-nav/page-wall/ion-tabs/ion-tab[1]/page-home/ion-header/span/ion-grid/ion-row/ion-col[3]/div/div[3] - is present on page
2019-12-29 14:23:08 INFO  LoginPage:143 - By.xpath: /html/body/ion-app/ng-component/ion-nav/page-wall/ion-tabs/ion-tab[1]/page-home/ion-header/span/ion-grid/ion-row/ion-col[3]/div/div[4] - is present on page
2019-12-29 14:23:08 INFO  LoginPage:143 - By.xpath: /html/body/ion-app/ng-component/ion-nav/page-wall/ion-tabs/ion-tab[1]/page-home/ion-header/span/ion-grid/ion-row/ion-col[3]/div/div[4] - is present on page
2019-12-29 14:23:08 INFO  LoginPage:143 - By.xpath: /html/body/ion-app/ng-component/ion-nav/page-wall/ion-tabs/ion-tab[1]/page-home/ion-header/span/ion-grid/ion-row/ion-col[3]/div/div[6]/ion-icon - is present on page
2019-12-29 14:23:08 INFO  LoginPage:143 - By.xpath: /html/body/ion-app/ng-component/ion-nav/page-wall/ion-tabs/ion-tab[1]/page-home/ion-header/span/ion-grid/ion-row/ion-col[3]/div/div[7]/img - is present on page
2019-12-29 14:23:08 INFO  LoginPage:143 - By.xpath: /html/body/ion-app/ng-component/ion-nav/page-wall/ion-tabs/ion-tab[1]/page-home/ion-content/div[2]/div/ion-grid/ion-row/ion-col[2]/ion-grid/div/ion-row/ion-col/button/span - is present on page
2019-12-29 14:23:08 INFO  LoginPage:143 - By.xpath: /html/body/ion-app/ng-component/ion-nav/page-wall/ion-tabs/ion-tab[1]/page-home/ion-content/div[2]/div/ion-grid/ion-row/ion-col[1]/ion-card/div/div[1]/img - is present on page
2019-12-29 20:07:11 INFO  LoginPage:14 - Run Autotest to va
2019-12-29 20:20:50 INFO  ChatPageTest:14 - Run Autotest to validate Chat Page
2019-12-29 20:20:50 INFO  HomePage:104 - goToChatPage
2019-12-29 20:21:21 INFO  ChatPage:18 - ---- Start New Chat ---- text is true
2019-12-29 20:21:21 INFO  ChatPage:20 - Start chat text is false
2019-12-29 20:25:22 INFO  ChatPageTest:14 - Run Autotest to validate Chat Page
2019-12-29 20:25:22 INFO  HomePage:104 - goToChatPage
2019-12-29 20:25:52 INFO  ChatPage:18 - ---- Start New Chat ---- ## TEXT is true
2019-12-29 20:25:52 INFO  ChatPage:20 - Start chat ## TEXT is true
2019-12-29 20:27:29 INFO  ChatPageTest:14 - Run Autotest to validate Chat Page
2019-12-29 20:27:29 INFO  HomePage:104 - goToChatPage
2019-12-29 20:27:56 INFO  ChatPage:15 - validateStartNewChat
2019-12-29 20:27:58 INFO  ChatPage:18 - ---- Start New Chat ---- ## TEXT is true
2019-12-29 20:27:59 INFO  ChatPage:20 - Start chat ## TEXT is true
2019-12-29 20:36:52 INFO  ChatPageTest:18 - Run Autotest to validate Chat Page
2019-12-29 20:36:52 INFO  HomePage:104 - goToChatPage
2019-12-29 20:37:19 INFO  ChatPage:15 - validateStartNewChat
2019-12-29 20:37:21 INFO  ChatPage:18 - ---- Start New Chat ---- ## TEXT is true
2019-12-29 20:37:21 INFO  ChatPage:20 - Start chat ## TEXT is true
2019-12-30 01:19:21 INFO  ChatPageTest:18 - Run Autotest to validate Chat Page
2019-12-30 01:19:21 INFO  HomePage:104 - goToChatPage
2019-12-30 01:20:27 INFO  ChatPage:18 - ---- Start New Chat ---- ## TEXT is true
2019-12-30 01:20:27 INFO  ChatPage:20 - Start chat ## TEXT is true
2019-12-30 01:20:27 INFO  ChatPage:24 - validateStartNewChat
2019-12-30 01:23:25 INFO  GroopsPageTest:17 - Run Autotest to validate Groops Page
2019-12-30 01:23:25 INFO  HomePage:125 - goToGroopsPage
2019-12-30 01:24:56 INFO  GroopsPageTest:17 - Run Autotest to validate Groops Page
2019-12-30 01:24:56 INFO  HomePage:125 - goToGroopsPage
2019-12-30 01:35:07 INFO  GroopsPageTest:17 - Run Autotest to validate Groops Page
2019-12-30 01:35:07 INFO  HomePage:125 - goToGroopsPage
2019-12-30 01:37:06 INFO  GroopsPageTest:17 - Run Autotest to validate Groops Page
2019-12-30 01:37:06 INFO  HomePage:125 - goToGroopsPage
2019-12-30 01:38:47 INFO  GroopsPageTest:17 - Run Autotest to validate Groops Page
2019-12-30 01:38:47 INFO  HomePage:125 - goToGroopsPage
2019-12-30 01:40:29 INFO  GroopsPageTest:17 - Run Autotest to validate Groops Page
2019-12-30 01:40:29 INFO  HomePage:125 - goToGroopsPage
2019-12-30 01:43:11 INFO  GroopsPageTest:17 - Run Autotest to validate Groops Page
2019-12-30 01:43:11 INFO  HomePage:125 - goToGroopsPage
2019-12-30 01:45:02 INFO  GroopsPageTest:17 - Run Autotest to validate Groops Page
2019-12-30 01:45:02 INFO  HomePage:125 - goToGroopsPage
2019-12-30 01:46:08 INFO  GroopsPageTest:17 - Run Autotest to validate Groops Page
2019-12-30 01:46:08 INFO  HomePage:125 - goToGroopsPage
2019-12-30 01:46:38 INFO  GroopsPage:20 - validateDiscoverAndCreate
2019-12-30 01:47:42 INFO  GroopsPageTest:17 - Run Autotest to validate Groops Page
2019-12-30 01:47:42 INFO  HomePage:125 - goToGroopsPage
2019-12-30 01:50:06 INFO  GroopsPageTest:17 - Run Autotest to validate Groops Page
2019-12-30 01:50:06 INFO  HomePage:125 - goToGroopsPage
2019-12-30 01:50:37 INFO  GroopsPage:20 - validateDiscoverAndCreate
2019-12-30 02:02:39 INFO  GroopsPageTest:17 - Run Autotest to validate Groops Page
2019-12-30 02:02:39 INFO  HomePage:125 - goToGroopsPage
2019-12-30 02:03:09 INFO  GroopsPage:18 - validateDiscoverAndCreate
2019-12-30 02:03:09 INFO  GroopsPage:20 - Discover groups ## TEXT is false
2019-12-30 02:03:09 INFO  GroopsPage:22 - Create group ## TEXT is false
2019-12-30 02:06:06 INFO  GroopsPageTest:17 - Run Autotest to validate Groops Page
2019-12-30 02:06:06 INFO  HomePage:125 - goToGroopsPage
2019-12-30 02:06:37 INFO  GroopsPage:18 - validateDiscoverAndCreate
2019-12-30 02:06:37 INFO  GroopsPage:20 - Discover groups ## TEXT is true
2019-12-30 02:06:37 INFO  GroopsPage:22 - Create group ## TEXT is true
2019-12-30 02:08:32 INFO  GroopsPageTest:17 - RUN AUTOTEST TO VALIDATE GROOPS PAGE
2019-12-30 02:08:32 INFO  HomePage:125 - goToGroopsPage
2019-12-30 02:09:01 INFO  GroopsPage:18 - validateDiscoverAndCreate
2019-12-30 02:09:02 INFO  GroopsPage:20 - Discover groups ## TEXT is true
2019-12-30 02:09:02 INFO  GroopsPage:22 - Create group ## TEXT is true
2019-12-30 02:13:17 INFO  HomePage:63 - Validate Home Page
2019-12-30 14:03:50 INFO  LoginPage:21 - checkElementsDisplayed
2019-12-30 14:03:54 INFO  LoginPage:146 - By.xpath: /html/body/ion-app/ng-component/ion-nav/page-wall/ion-tabs/ion-tab[1]/page-more/ion-content/div[2]/div/ion-grid/ion-row/ion-col[2]/div/ion-grid/h6[1] - not found
2019-12-30 14:03:54 INFO  LoginPage:146 - By.xpath: /html/body/ion-app/ng-component/ion-nav/page-wall/ion-tabs/ion-tab[1]/page-more/ion-content/div[2]/div/ion-grid/ion-row/ion-col[2]/div/ion-grid/h6[2] - not found
2019-12-30 14:34:16 INFO  LoginPage:22 - checkElementsDisplayed
2019-12-30 14:34:20 INFO  LoginPage:146 - By.xpath: /html/body/ion-app/ng-component/ion-nav/page-wall/ion-tabs/ion-tab[1]/page-more/ion-content/div[2]/div/ion-grid/ion-row/ion-col[2]/div/ion-grid/h6[1] - not found
2019-12-30 14:34:20 INFO  LoginPage:146 - By.xpath: /html/body/ion-app/ng-component/ion-nav/page-wall/ion-tabs/ion-tab[1]/page-more/ion-content/div[2]/div/ion-grid/ion-row/ion-col[2]/div/ion-grid/h6[2] - not found
2019-12-30 14:50:53 INFO  LoginPage:22 - checkElementsDisplayed
2019-12-30 14:50:57 INFO  LoginPage:143 - By.xpath: /html/body/ion-app/ng-component/ion-nav/page-wall/ion-tabs/page-userprofile/ion-content/div[2]/div/ion-grid/ion-row/ion-col[2]/ion-card/div/div[1]/h6 - is present on page
2019-12-30 14:50:57 INFO  LoginPage:143 - By.xpath: /html/body/ion-app/ng-component/ion-nav/page-wall/ion-tabs/page-userprofile/ion-content/div[2]/div/ion-grid/ion-row/ion-col[2]/ion-card/div/div[2]/h6 - is present on page
2019-12-31 09:47:22 INFO  LoginPage:21 - checkElementsDisplayed
2019-12-31 09:47:26 INFO  LoginPage:143 - By.xpath: /html/body/ion-app/ng-component/ion-nav/page-wall/ion-tabs/page-userprofile/ion-content/div[2]/div/ion-grid/ion-row/ion-col[2]/ion-card/div/div[1]/h6 - is present on page
2019-12-31 09:47:26 INFO  LoginPage:143 - By.xpath: /html/body/ion-app/ng-component/ion-nav/page-wall/ion-tabs/page-userprofile/ion-content/div[2]/div/ion-grid/ion-row/ion-col[2]/ion-card/div/div[2]/h6 - is present on page
2019-12-31 09:59:21 INFO  LoginPageTest:19 - RUN AUTOTEST TO VALIDATE PERSONAL DETAILS AND INFORMATION PAGE
2019-12-31 09:59:21 INFO  HomePage:161 - goToPersonalInfoPageRightButton
2019-12-31 09:59:49 INFO  LoginPage:21 - checkElementsDisplayed
2019-12-31 09:59:53 INFO  LoginPage:143 - By.xpath: /html/body/ion-app/ng-component/ion-nav/page-wall/ion-tabs/page-userprofile/ion-content/div[2]/div/ion-grid/ion-row/ion-col[2]/ion-card/div/div[1]/h6 - is present on page
2019-12-31 09:59:53 INFO  LoginPage:143 - By.xpath: /html/body/ion-app/ng-component/ion-nav/page-wall/ion-tabs/page-userprofile/ion-content/div[2]/div/ion-grid/ion-row/ion-col[2]/ion-card/div/div[2]/h6 - is present on page
2019-12-31 11:53:30 INFO  SettingsPageTest:20 - RUN AUTOTEST TO VALIDATE SETTINGS PAGE
2019-12-31 11:53:30 INFO  HomePage:143 - goToSettingsPage
2019-12-31 11:53:58 INFO  SettingsPage:23 - validateAccountAndGeneral
2019-12-31 12:07:05 INFO  SettingsPageTest:20 - RUN AUTOTEST TO VALIDATE SETTINGS PAGE
2019-12-31 12:07:06 INFO  HomePage:143 - goToSettingsPage
2019-12-31 12:07:33 INFO  SettingsPage:23 - validateAccountAndGeneral
2019-12-31 12:07:35 INFO  SettingsPage:30 -  Account ## TEXT is true
2019-12-31 12:07:35 INFO  SettingsPage:32 -  General ## TEXT is true
2019-12-31 16:24:07 INFO  SettingsPageTest:35 - RUN AUTOTEST TO VALIDATE THAT THE ELEMENTS ARE PRESENT ON THE PAGE
2019-12-31 16:24:07 INFO  HomePage:143 - goToSettingsPage
2019-12-31 16:52:11 INFO  SettingsPageTest:45 - RUN AUTOTEST TO VERIFY THAT THE ELEMENTS ARE PRESENT ON THE PAGE
2019-12-31 16:52:11 INFO  HomePage:143 - goToSettingsPage
2019-12-31 16:52:58 INFO  SettingsPageTest:45 - RUN AUTOTEST TO VERIFY THAT THE ELEMENTS ARE PRESENT ON THE PAGE
2019-12-31 16:52:58 INFO  HomePage:143 - goToSettingsPage
2019-12-31 16:55:40 INFO  SettingsPageTest:45 - RUN AUTOTEST TO VERIFY THAT THE ELEMENTS ARE PRESENT ON THE PAGE
2019-12-31 16:55:40 INFO  HomePage:143 - goToSettingsPage
2019-12-31 16:56:10 INFO  SettingsPage:49 - My Posts ## TEXT is true
2019-12-31 16:56:11 INFO  SettingsPage:53 - Invite Users ## TEXT is true
2019-12-31 16:56:11 INFO  SettingsPage:57 - Book Appointment ## TEXT is true
2019-12-31 16:56:11 INFO  SettingsPage:61 - Notification Settings ## TEXT is true
2019-12-31 16:56:11 INFO  SettingsPage:65 - Privacy Settings ## TEXT is true
2019-12-31 16:56:11 INFO  SettingsPage:69 - Connection Requests ## TEXT is true
2019-12-31 16:56:11 INFO  SettingsPage:73 - Change Password ## TEXT is true
2019-12-31 16:56:11 INFO  SettingsPage:77 - Change Password ## TEXT is false
2019-12-31 16:56:12 INFO  SettingsPage:87 - Version 1 ## TEXT is true
2019-12-31 16:56:12 INFO  SettingsPage:89 - Logout ## TEXT is true
2020-01-01 09:15:04 INFO  SettingsPageTest:45 - RUN AUTOTEST TO VERIFY THAT THE ELEMENTS ARE PRESENT ON THE PAGE
2020-01-01 09:15:04 INFO  HomePage:143 - goToSettingsPage
2020-01-01 09:15:35 INFO  SettingsPage:49 - My Posts ## TEXT is true
2020-01-01 09:15:35 INFO  SettingsPage:53 - Invite Users ## TEXT is true
2020-01-01 09:15:35 INFO  SettingsPage:57 - Book Appointment ## TEXT is true
2020-01-01 09:15:35 INFO  SettingsPage:61 - Notification Settings ## TEXT is true
2020-01-01 09:15:35 INFO  SettingsPage:65 - Privacy Settings ## TEXT is true
2020-01-01 09:15:36 INFO  SettingsPage:69 - Connection Requests ## TEXT is true
2020-01-01 09:15:36 INFO  SettingsPage:73 - Change Password ## TEXT is true
2020-01-01 09:15:36 INFO  SettingsPage:77 - Change Password ## TEXT is false
2020-01-01 09:15:36 INFO  SettingsPage:87 - Version 1 ## TEXT is true
2020-01-01 09:15:36 INFO  SettingsPage:89 - Logout ## TEXT is true
2020-01-01 09:21:50 INFO  HomePage:63 - Validate Home Page
2020-01-01 09:32:57 INFO  SettingsPageTest:30 - RUN AUTOTEST TO VALIDATE SETTINGS PAGE
2020-01-01 09:32:57 INFO  HomePage:45 - goToHomePage_method
2020-01-01 09:33:16 INFO  HomePage:64 - Validate Home Page
2020-01-01 09:51:36 INFO  SettingsPageTest:30 - RUN AUTOTEST TO VALIDATE HOMEPAGE
2020-01-01 09:51:36 INFO  HomePage:45 - goToHomePage_method
2020-01-01 09:51:54 INFO  HomePage:64 - Validate Home Page
2020-01-01 09:51:55 INFO  HomePage:66 - Login ## TEXT is true
2020-01-01 09:51:55 INFO  HomePage:68 - Sign Up ## TEXT is true
2020-01-01 12:35:32 INFO  VideoCallPage:43 - NOTIFICATIONS ## TEXT is true
2020-01-01 12:35:32 INFO  VideoCallPage:47 - APPOINTMENTS ## TEXT is true
2020-01-01 12:35:32 INFO  VideoCallPage:51 - HISTORY ## TEXT is true
2020-01-01 12:40:25 INFO  VideoCallPage:43 - NOTIFICATIONS ## TEXT is true
2020-01-01 12:40:25 INFO  VideoCallPage:47 - APPOINTMENTS ## TEXT is true
2020-01-01 12:40:25 INFO  VideoCallPage:51 - HISTORY ## TEXT is true
2020-01-01 12:43:59 INFO  VideoCallPage:43 - NOTIFICATIONS ## TEXT is true
2020-01-01 12:44:00 INFO  VideoCallPage:47 - APPOINTMENTS ## TEXT is true
2020-01-01 12:44:00 INFO  VideoCallPage:51 - HISTORY ## TEXT is true
2020-01-01 12:46:52 INFO  VideoCallPage:38 - NOTIFICATIONS ## TEXT is true
2020-01-01 12:46:53 INFO  VideoCallPage:42 - APPOINTMENTS ## TEXT is true
2020-01-01 12:46:53 INFO  VideoCallPage:46 - HISTORY ## TEXT is true
2020-01-01 13:08:29 INFO  VideoCallPage:38 - NOTIFICATIONS ## TEXT is true
2020-01-01 13:08:29 INFO  VideoCallPage:42 - APPOINTMENTS ## TEXT is true
2020-01-01 13:08:29 INFO  VideoCallPage:46 - HISTORY ## TEXT is true
2020-01-01 13:08:30 INFO  VideoCallPage:53 - Book Appointment ## TEXT is false
2020-01-01 13:16:36 INFO  GroopsPage:14 - RUN AUTOTEST TO VALIDATE VIDEO CALL PAGE
2020-01-01 13:16:36 INFO  HomePage:89 - goToVideoCall
2020-01-01 13:17:04 INFO  VideoCallPage:19 - validateBookAppointment
2020-01-01 13:17:06 INFO  VideoCallPage:39 - NOTIFICATIONS ## TEXT is true
2020-01-01 13:17:06 INFO  VideoCallPage:43 - APPOINTMENTS ## TEXT is true
2020-01-01 13:17:07 INFO  VideoCallPage:47 - HISTORY ## TEXT is true
2020-01-01 13:17:07 INFO  VideoCallPage:54 - Book Appointment ## TEXT is false
2020-01-01 13:19:12 INFO  GroopsPage:14 - RUN AUTOTEST TO VALIDATE VIDEO CALL PAGE
2020-01-01 13:19:12 INFO  HomePage:89 - goToVideoCall
2020-01-01 13:19:40 INFO  VideoCallPage:19 - validateBookAppointment
2020-01-01 13:19:42 INFO  VideoCallPage:39 - NOTIFICATIONS ## TEXT is true
2020-01-01 13:19:42 INFO  VideoCallPage:43 - APPOINTMENTS ## TEXT is true
2020-01-01 13:19:42 INFO  VideoCallPage:47 - HISTORY ## TEXT is true
2020-01-01 13:19:42 INFO  VideoCallPage:54 - Book Appointment ## TEXT is true
2020-01-01 20:33:11 INFO  LoginPageTest:32 - RUN AUTOTEST TO VERIFY HEADERS ON PERSONAL INFO PAGE
2020-01-01 20:33:12 INFO  HomePage:168 - goToPersonalInfoPageRightButton
2020-01-01 20:33:41 INFO  LoginPage:52 - Personal Info ## TEXT is true
2020-01-01 20:33:41 INFO  LoginPage:56 - My Story ## TEXT is true
2020-01-01 20:33:41 INFO  LoginPage:60 - Health Interests: ## TEXT is true
2020-01-01 20:33:41 INFO  LoginPage:64 - View Connections ## TEXT is true
2020-01-01 20:33:41 INFO  LoginPage:68 - View Groups ## TEXT is true
